F:\AVPLAYER\DEBUG\LIBTORRENT.LIB
F:\AVPLAYER\LIBTORRENT\INCLUDE\DEBUG\ALERT.OBJ
F:\AVPLAYER\LIBTORRENT\INCLUDE\DEBUG\ALLOCATOR.OBJ
F:\AVPLAYER\LIBTORRENT\INCLUDE\DEBUG\ASSERT.OBJ
F:\AVPLAYER\LIBTORRENT\INCLUDE\DEBUG\BANDWIDTH_LIMIT.OBJ
F:\AVPLAYER\LIBTORRENT\INCLUDE\DEBUG\BANDWIDTH_MANAGER.OBJ
F:\AVPLAYER\LIBTORRENT\INCLUDE\DEBUG\BANDWIDTH_QUEUE_ENTRY.OBJ
F:\AVPLAYER\LIBTORRENT\INCLUDE\DEBUG\BLOOM_FILTER.OBJ
F:\AVPLAYER\LIBTORRENT\INCLUDE\DEBUG\BROADCAST_SOCKET.OBJ
F:\AVPLAYER\LIBTORRENT\INCLUDE\DEBUG\BT_PEER_CONNECTION.OBJ
F:\AVPLAYER\LIBTORRENT\INCLUDE\DEBUG\CHAINED_BUFFER.OBJ
F:\avplayer\libtorrent\include\Debug\cl.command.1.tlog
F:\avplayer\libtorrent\include\Debug\CL.read.1.tlog
F:\avplayer\libtorrent\include\Debug\CL.write.1.tlog
F:\AVPLAYER\LIBTORRENT\INCLUDE\DEBUG\CONNECTION_QUEUE.OBJ
F:\AVPLAYER\LIBTORRENT\INCLUDE\DEBUG\CONVERTUTF.OBJ
F:\AVPLAYER\LIBTORRENT\INCLUDE\DEBUG\CREATE_TORRENT.OBJ
F:\AVPLAYER\LIBTORRENT\INCLUDE\DEBUG\DHT_TRACKER.OBJ
F:\AVPLAYER\LIBTORRENT\INCLUDE\DEBUG\DISK_BUFFER_HOLDER.OBJ
F:\AVPLAYER\LIBTORRENT\INCLUDE\DEBUG\DISK_BUFFER_POOL.OBJ
F:\AVPLAYER\LIBTORRENT\INCLUDE\DEBUG\DISK_IO_THREAD.OBJ
F:\AVPLAYER\LIBTORRENT\INCLUDE\DEBUG\ENTRY.OBJ
F:\AVPLAYER\LIBTORRENT\INCLUDE\DEBUG\ENUM_NET.OBJ
F:\AVPLAYER\LIBTORRENT\INCLUDE\DEBUG\ERROR_CODE.OBJ
F:\AVPLAYER\LIBTORRENT\INCLUDE\DEBUG\ESCAPE_STRING.OBJ
F:\AVPLAYER\LIBTORRENT\INCLUDE\DEBUG\FILE.OBJ
F:\AVPLAYER\LIBTORRENT\INCLUDE\DEBUG\FILE_POOL.OBJ
F:\AVPLAYER\LIBTORRENT\INCLUDE\DEBUG\FILE_STORAGE.OBJ
F:\AVPLAYER\LIBTORRENT\INCLUDE\DEBUG\FIND_DATA.OBJ
F:\AVPLAYER\LIBTORRENT\INCLUDE\DEBUG\GEOIP.OBJ
F:\AVPLAYER\LIBTORRENT\INCLUDE\DEBUG\GZIP.OBJ
F:\AVPLAYER\LIBTORRENT\INCLUDE\DEBUG\HTTP_CONNECTION.OBJ
F:\AVPLAYER\LIBTORRENT\INCLUDE\DEBUG\HTTP_PARSER.OBJ
F:\AVPLAYER\LIBTORRENT\INCLUDE\DEBUG\HTTP_SEED_CONNECTION.OBJ
F:\AVPLAYER\LIBTORRENT\INCLUDE\DEBUG\HTTP_STREAM.OBJ
F:\AVPLAYER\LIBTORRENT\INCLUDE\DEBUG\HTTP_TRACKER_CONNECTION.OBJ
F:\AVPLAYER\LIBTORRENT\INCLUDE\DEBUG\I2P_STREAM.OBJ
F:\AVPLAYER\LIBTORRENT\INCLUDE\DEBUG\IDENTIFY_CLIENT.OBJ
F:\AVPLAYER\LIBTORRENT\INCLUDE\DEBUG\INSTANTIATE_CONNECTION.OBJ
F:\AVPLAYER\LIBTORRENT\INCLUDE\DEBUG\IP_FILTER.OBJ
F:\AVPLAYER\LIBTORRENT\INCLUDE\DEBUG\IP_VOTER.OBJ
F:\AVPLAYER\LIBTORRENT\INCLUDE\DEBUG\LAZY_BDECODE.OBJ
F:\avplayer\libtorrent\include\Debug\lib.command.1.tlog
F:\avplayer\libtorrent\include\Debug\Lib-link.read.1.tlog
F:\avplayer\libtorrent\include\Debug\Lib-link.write.1.tlog
F:\AVPLAYER\LIBTORRENT\INCLUDE\DEBUG\LOGGER.OBJ
F:\AVPLAYER\LIBTORRENT\INCLUDE\DEBUG\LSD.OBJ
F:\AVPLAYER\LIBTORRENT\INCLUDE\DEBUG\LT_TRACKERS.OBJ
F:\AVPLAYER\LIBTORRENT\INCLUDE\DEBUG\MAGNET_URI.OBJ
F:\AVPLAYER\LIBTORRENT\INCLUDE\DEBUG\METADATA_TRANSFER.OBJ
F:\AVPLAYER\LIBTORRENT\INCLUDE\DEBUG\MPI.OBJ
F:\AVPLAYER\LIBTORRENT\INCLUDE\DEBUG\NATPMP.OBJ
F:\AVPLAYER\LIBTORRENT\INCLUDE\DEBUG\NODE.OBJ
F:\AVPLAYER\LIBTORRENT\INCLUDE\DEBUG\NODE_ID.OBJ
F:\AVPLAYER\LIBTORRENT\INCLUDE\DEBUG\PACKET_BUFFER.OBJ
F:\AVPLAYER\LIBTORRENT\INCLUDE\DEBUG\PARSE_URL.OBJ
F:\AVPLAYER\LIBTORRENT\INCLUDE\DEBUG\PE_CRYPTO.OBJ
F:\AVPLAYER\LIBTORRENT\INCLUDE\DEBUG\PEER_CONNECTION.OBJ
F:\AVPLAYER\LIBTORRENT\INCLUDE\DEBUG\PIECE_PICKER.OBJ
F:\AVPLAYER\LIBTORRENT\INCLUDE\DEBUG\POLICY.OBJ
F:\AVPLAYER\LIBTORRENT\INCLUDE\DEBUG\PUFF.OBJ
F:\AVPLAYER\LIBTORRENT\INCLUDE\DEBUG\RANDOM.OBJ
F:\AVPLAYER\LIBTORRENT\INCLUDE\DEBUG\REFRESH.OBJ
F:\AVPLAYER\LIBTORRENT\INCLUDE\DEBUG\ROUTING_TABLE.OBJ
F:\AVPLAYER\LIBTORRENT\INCLUDE\DEBUG\RPC_MANAGER.OBJ
F:\AVPLAYER\LIBTORRENT\INCLUDE\DEBUG\RSA.OBJ
F:\AVPLAYER\LIBTORRENT\INCLUDE\DEBUG\RSS.OBJ
F:\AVPLAYER\LIBTORRENT\INCLUDE\DEBUG\SESSION.OBJ
F:\AVPLAYER\LIBTORRENT\INCLUDE\DEBUG\SESSION_IMPL.OBJ
F:\AVPLAYER\LIBTORRENT\INCLUDE\DEBUG\SETTINGS.OBJ
F:\AVPLAYER\LIBTORRENT\INCLUDE\DEBUG\SHA1.OBJ
F:\AVPLAYER\LIBTORRENT\INCLUDE\DEBUG\SMART_BAN.OBJ
F:\AVPLAYER\LIBTORRENT\INCLUDE\DEBUG\SOCKET_IO.OBJ
F:\AVPLAYER\LIBTORRENT\INCLUDE\DEBUG\SOCKET_TYPE.OBJ
F:\AVPLAYER\LIBTORRENT\INCLUDE\DEBUG\SOCKS5_STREAM.OBJ
F:\AVPLAYER\LIBTORRENT\INCLUDE\DEBUG\STAT.OBJ
F:\AVPLAYER\LIBTORRENT\INCLUDE\DEBUG\STORAGE.OBJ
F:\AVPLAYER\LIBTORRENT\INCLUDE\DEBUG\STRING_UTIL.OBJ
F:\AVPLAYER\LIBTORRENT\INCLUDE\DEBUG\THREAD.OBJ
F:\AVPLAYER\LIBTORRENT\INCLUDE\DEBUG\TIME.OBJ
F:\AVPLAYER\LIBTORRENT\INCLUDE\DEBUG\TIMESTAMP_HISTORY.OBJ
F:\AVPLAYER\LIBTORRENT\INCLUDE\DEBUG\TORRENT.OBJ
F:\AVPLAYER\LIBTORRENT\INCLUDE\DEBUG\TORRENT_HANDLE.OBJ
F:\AVPLAYER\LIBTORRENT\INCLUDE\DEBUG\TORRENT_INFO.OBJ
F:\AVPLAYER\LIBTORRENT\INCLUDE\DEBUG\TRACKER_MANAGER.OBJ
F:\AVPLAYER\LIBTORRENT\INCLUDE\DEBUG\TRAVERSAL_ALGORITHM.OBJ
F:\AVPLAYER\LIBTORRENT\INCLUDE\DEBUG\UDP_SOCKET.OBJ
F:\AVPLAYER\LIBTORRENT\INCLUDE\DEBUG\UDP_TRACKER_CONNECTION.OBJ
F:\AVPLAYER\LIBTORRENT\INCLUDE\DEBUG\UPNP.OBJ
F:\AVPLAYER\LIBTORRENT\INCLUDE\DEBUG\UT_METADATA.OBJ
F:\AVPLAYER\LIBTORRENT\INCLUDE\DEBUG\UT_PEX.OBJ
F:\AVPLAYER\LIBTORRENT\INCLUDE\DEBUG\UTF8.OBJ
F:\AVPLAYER\LIBTORRENT\INCLUDE\DEBUG\UTP_SOCKET_MANAGER.OBJ
F:\AVPLAYER\LIBTORRENT\INCLUDE\DEBUG\UTP_STREAM.OBJ
F:\avplayer\libtorrent\include\Debug\vc100.idb
F:\AVPLAYER\LIBTORRENT\INCLUDE\DEBUG\VC100.PDB
F:\AVPLAYER\LIBTORRENT\INCLUDE\DEBUG\WEB_CONNECTION_BASE.OBJ
F:\AVPLAYER\LIBTORRENT\INCLUDE\DEBUG\WEB_PEER_CONNECTION.OBJ
