生成启动时间为 2013/7/23 11:11:44。
     1>项目“F:\avplayer\libtorrent\include\libtorrent.vcxproj”在节点 3 上(rebuild 个目标)。
     1>_PrepareForClean:
         正在删除文件“Debug\libtorrent.lastbuildstate”。
       InitializeBuildStatus:
         正在创建“Debug\libtorrent.unsuccessfulbuild”，因为已指定“AlwaysCreate”。
       ClCompile:
         c:\Program Files\Microsoft Visual Studio 10.0\VC\bin\CL.exe /c /I. /I.\libtorrent /I..\..\third_party\openssl\include /ZI /nologo /W3 /WX- /Od /Oy- /D WIN32 /D _DEBUG /D _LIB /D _WIN32_WINNT=0x0501 /D WIN32_LEAN_AND_MEAN /D _CRT_SECURE_NO_WARNINGS /D BOOST_ASIO_ENABLE_CANCELIO /D BOOST_ASIO_DYN_LINK /D TORRENT_USE_OPENSSL /D _UNICODE /D UNICODE /Gm /EHsc /RTC1 /MTd /GS /fp:precise /Zc:wchar_t /Zc:forScope /Fo"Debug\\" /Fd"Debug\vc100.pdb" /Gd /TP /analyze- /errorReport:prompt ..\src\alert.cpp ..\src\allocator.cpp ..\src\assert.cpp ..\src\bandwidth_limit.cpp ..\src\bandwidth_manager.cpp ..\src\bandwidth_queue_entry.cpp ..\src\bloom_filter.cpp ..\src\broadcast_socket.cpp ..\src\bt_peer_connection.cpp ..\src\chained_buffer.cpp ..\src\connection_queue.cpp ..\src\ConvertUTF.cpp ..\src\create_torrent.cpp ..\src\disk_buffer_holder.cpp ..\src\disk_buffer_pool.cpp ..\src\disk_io_thread.cpp ..\src\entry.cpp ..\src\enum_net.cpp ..\src\error_code.cpp ..\src\escape_string.cpp ..\src\file.cpp ..\src\file_pool.cpp ..\src\file_storage.cpp ..\src\gzip.cpp ..\src\http_connection.cpp ..\src\http_parser.cpp ..\src\http_seed_connection.cpp ..\src\http_stream.cpp ..\src\http_tracker_connection.cpp ..\src\i2p_stream.cpp ..\src\identify_client.cpp ..\src\instantiate_connection.cpp ..\src\ip_filter.cpp ..\src\ip_voter.cpp ..\src\lazy_bdecode.cpp ..\src\logger.cpp ..\src\lsd.cpp ..\src\lt_trackers.cpp ..\src\magnet_uri.cpp ..\src\metadata_transfer.cpp ..\src\natpmp.cpp ..\src\packet_buffer.cpp ..\src\parse_url.cpp ..\src\pe_crypto.cpp ..\src\peer_connection.cpp ..\src\piece_picker.cpp ..\src\policy.cpp ..\src\puff.cpp ..\src\random.cpp ..\src\rsa.cpp ..\src\rss.cpp ..\src\session.cpp ..\src\session_impl.cpp ..\src\settings.cpp ..\src\sha1.cpp ..\src\smart_ban.cpp ..\src\socket_io.cpp ..\src\socket_type.cpp ..\src\socks5_stream.cpp ..\src\stat.cpp ..\src\storage.cpp ..\src\string_util.cpp ..\src\thread.cpp ..\src\time.cpp ..\src\timestamp_history.cpp ..\src\torrent.cpp ..\src\torrent_handle.cpp ..\src\torrent_info.cpp ..\src\tracker_manager.cpp ..\src\udp_socket.cpp ..\src\udp_tracker_connection.cpp ..\src\upnp.cpp ..\src\ut_metadata.cpp ..\src\ut_pex.cpp ..\src\utf8.cpp ..\src\utp_socket_manager.cpp ..\src\utp_stream.cpp ..\src\web_connection_base.cpp ..\src\web_peer_connection.cpp ..\src\kademlia\dht_tracker.cpp ..\src\kademlia\find_data.cpp ..\src\kademlia\node.cpp ..\src\kademlia\node_id.cpp ..\src\kademlia\refresh.cpp ..\src\kademlia\routing_table.cpp ..\src\kademlia\rpc_manager.cpp ..\src\kademlia\traversal_algorithm.cpp
         traversal_algorithm.cpp
         rpc_manager.cpp
     1>f:\avplayer\libtorrent\src\kademlia\rpc_manager.cpp(174): warning C4244: “参数”: 从“time_t”转换到“unsigned int”，可能丢失数据
         routing_table.cpp
     1>f:\avplayer\libtorrent\src\kademlia\routing_table.cpp(653): warning C4018: “>”: 有符号/无符号不匹配
         refresh.cpp
         node_id.cpp
         node.cpp
     1>f:\avplayer\libtorrent\include\libtorrent\alert.hpp(155): warning C4800: “const uint32_t”: 将值强制为布尔值“true”或“false”(性能警告)
     1>f:\avplayer\libtorrent\include\libtorrent\aux_\session_impl.hpp(462): warning C4800: “GeoIP *const ”: 将值强制为布尔值“true”或“false”(性能警告)
     1>f:\avplayer\libtorrent\include\libtorrent\aux_\session_impl.hpp(465): warning C4800: “GeoIP *const ”: 将值强制为布尔值“true”或“false”(性能警告)
     1>f:\avplayer\libtorrent\src\kademlia\node.cpp(917): warning C4244: “=”: 从“libtorrent::size_type”转换到“int”，可能丢失数据
     1>f:\avplayer\libtorrent\src\kademlia\node.cpp(946): warning C4244: “=”: 从“libtorrent::size_type”转换到“int”，可能丢失数据
     1>c:\program files\microsoft visual studio 10.0\vc\include\xutility(3051): warning C4996: 'std::_Equal1': Function call with parameters that may be unsafe - this call relies on the caller to check that the passed values are correct. To disable this warning, use -D_SCL_SECURE_NO_WARNINGS. See documentation on how to use Visual C++ 'Checked Iterators'
                 c:\program files\microsoft visual studio 10.0\vc\include\xutility(3036) : 参见“std::_Equal1”的声明
                 f:\avplayer\libtorrent\src\kademlia\node.cpp(127): 参见对正在编译的函数 模板 实例化“bool std::equal<std::_String_const_iterator<_Elem,_Traits,_Alloc>,signed char*>(_InIt1,_InIt1,_InIt2)”的引用
                 with
                 [
                     _Elem=char,
                     _Traits=std::char_traits<char>,
                     _Alloc=std::allocator<char>,
                     _InIt1=std::_String_const_iterator<char,std::char_traits<char>,std::allocator<char>>,
                     _InIt2=signed char *
                 ]
     1>c:\program files\microsoft visual studio 10.0\vc\include\xutility(2227): warning C4996: 'std::_Copy_impl': Function call with parameters that may be unsafe - this call relies on the caller to check that the passed values are correct. To disable this warning, use -D_SCL_SECURE_NO_WARNINGS. See documentation on how to use Visual C++ 'Checked Iterators'
                 c:\program files\microsoft visual studio 10.0\vc\include\xutility(2212) : 参见“std::_Copy_impl”的声明
                 f:\avplayer\libtorrent\src\kademlia\node.cpp(153): 参见对正在编译的函数 模板 实例化“_OutIt std::copy<libtorrent::big_number::iterator,signed char*>(_InIt,_InIt,_OutIt)”的引用
                 with
                 [
                     _OutIt=signed char *,
                     _InIt=libtorrent::big_number::iterator
                 ]
         find_data.cpp
     1>c:\program files\microsoft visual studio 10.0\vc\include\xutility(2227): warning C4996: 'std::_Copy_impl': Function call with parameters that may be unsafe - this call relies on the caller to check that the passed values are correct. To disable this warning, use -D_SCL_SECURE_NO_WARNINGS. See documentation on how to use Visual C++ 'Checked Iterators'
                 c:\program files\microsoft visual studio 10.0\vc\include\xutility(2212) : 参见“std::_Copy_impl”的声明
                 f:\avplayer\libtorrent\src\kademlia\find_data.cpp(136): 参见对正在编译的函数 模板 实例化“_OutIt std::copy<const char*,libtorrent::big_number::iterator>(_InIt,_InIt,_OutIt)”的引用
                 with
                 [
                     _OutIt=libtorrent::big_number::iterator,
                     _InIt=const char *
                 ]
         dht_tracker.cpp
     1>f:\avplayer\libtorrent\include\libtorrent\alert.hpp(155): warning C4800: “const uint32_t”: 将值强制为布尔值“true”或“false”(性能警告)
     1>f:\avplayer\libtorrent\include\libtorrent\aux_\session_impl.hpp(462): warning C4800: “GeoIP *const ”: 将值强制为布尔值“true”或“false”(性能警告)
     1>f:\avplayer\libtorrent\include\libtorrent\aux_\session_impl.hpp(465): warning C4800: “GeoIP *const ”: 将值强制为布尔值“true”或“false”(性能警告)
     1>f:\avplayer\libtorrent\src\kademlia\dht_tracker.cpp(205): warning C4355: “this”: 用于基成员初始值设定项列表
         web_peer_connection.cpp
     1>f:\avplayer\libtorrent\include\libtorrent\alert.hpp(155): warning C4800: “const uint32_t”: 将值强制为布尔值“true”或“false”(性能警告)
     1>f:\avplayer\libtorrent\include\libtorrent\aux_\session_impl.hpp(462): warning C4800: “GeoIP *const ”: 将值强制为布尔值“true”或“false”(性能警告)
     1>f:\avplayer\libtorrent\include\libtorrent\aux_\session_impl.hpp(465): warning C4800: “GeoIP *const ”: 将值强制为布尔值“true”或“false”(性能警告)
     1>f:\avplayer\libtorrent\src\web_peer_connection.cpp(343): warning C4244: “初始化”: 从“libtorrent::size_type”转换到“int”，可能丢失数据
     1>f:\avplayer\libtorrent\src\web_peer_connection.cpp(345): warning C4244: “初始化”: 从“libtorrent::size_type”转换到“int”，可能丢失数据
     1>f:\avplayer\libtorrent\src\web_peer_connection.cpp(763): warning C4244: “=”: 从“libtorrent::size_type”转换到“int”，可能丢失数据
     1>f:\avplayer\libtorrent\src\web_peer_connection.cpp(879): warning C4244: “初始化”: 从“const libtorrent::size_type”转换到“int”，可能丢失数据
         web_connection_base.cpp
     1>f:\avplayer\libtorrent\include\libtorrent\alert.hpp(155): warning C4800: “const uint32_t”: 将值强制为布尔值“true”或“false”(性能警告)
     1>f:\avplayer\libtorrent\include\libtorrent\aux_\session_impl.hpp(462): warning C4800: “GeoIP *const ”: 将值强制为布尔值“true”或“false”(性能警告)
     1>f:\avplayer\libtorrent\include\libtorrent\aux_\session_impl.hpp(465): warning C4800: “GeoIP *const ”: 将值强制为布尔值“true”或“false”(性能警告)
         utp_stream.cpp
     1>f:\avplayer\libtorrent\src\utp_stream.cpp(164): warning C4200: 使用了非标准扩展 : 结构/联合中的零大小数组
                 当 UDT 包含大小为零的数组时，无法生成复制构造函数或副本赋值运算符
     1>f:\avplayer\libtorrent\src\utp_stream.cpp(2645): warning C4018: “>”: 有符号/无符号不匹配
         utp_socket_manager.cpp
     1>f:\avplayer\libtorrent\src\utp_socket_manager.cpp(318): warning C4018: “>”: 有符号/无符号不匹配
         utf8.cpp
         ut_pex.cpp
     1>f:\avplayer\libtorrent\include\libtorrent\alert.hpp(155): warning C4800: “const uint32_t”: 将值强制为布尔值“true”或“false”(性能警告)
     1>f:\avplayer\libtorrent\include\libtorrent\aux_\session_impl.hpp(462): warning C4800: “GeoIP *const ”: 将值强制为布尔值“true”或“false”(性能警告)
     1>f:\avplayer\libtorrent\include\libtorrent\aux_\session_impl.hpp(465): warning C4800: “GeoIP *const ”: 将值强制为布尔值“true”或“false”(性能警告)
         ut_metadata.cpp
     1>f:\avplayer\libtorrent\include\libtorrent\alert.hpp(155): warning C4800: “const uint32_t”: 将值强制为布尔值“true”或“false”(性能警告)
     1>f:\avplayer\libtorrent\include\libtorrent\aux_\session_impl.hpp(462): warning C4800: “GeoIP *const ”: 将值强制为布尔值“true”或“false”(性能警告)
     1>f:\avplayer\libtorrent\include\libtorrent\aux_\session_impl.hpp(465): warning C4800: “GeoIP *const ”: 将值强制为布尔值“true”或“false”(性能警告)
     1>f:\avplayer\libtorrent\src\ut_metadata.cpp(221): warning C4244: “初始化”: 从“libtorrent::size_type”转换到“int”，可能丢失数据
     1>f:\avplayer\libtorrent\src\ut_metadata.cpp(225): warning C4244: “初始化”: 从“libtorrent::size_type”转换到“int”，可能丢失数据
     1>f:\avplayer\libtorrent\src\ut_metadata.cpp(332): warning C4244: “初始化”: 从“const libtorrent::entry::integer_type”转换到“int”，可能丢失数据
     1>f:\avplayer\libtorrent\src\ut_metadata.cpp(333): warning C4244: “初始化”: 从“const libtorrent::entry::integer_type”转换到“int”，可能丢失数据
     1>f:\avplayer\libtorrent\src\ut_metadata.cpp(373): warning C4244: “参数”: 从“const libtorrent::entry::integer_type”转换到“int”，可能丢失数据
         upnp.cpp
         udp_tracker_connection.cpp
     1>f:\avplayer\libtorrent\include\libtorrent\alert.hpp(155): warning C4800: “const uint32_t”: 将值强制为布尔值“true”或“false”(性能警告)
     1>f:\avplayer\libtorrent\include\libtorrent\aux_\session_impl.hpp(462): warning C4800: “GeoIP *const ”: 将值强制为布尔值“true”或“false”(性能警告)
     1>f:\avplayer\libtorrent\include\libtorrent\aux_\session_impl.hpp(465): warning C4800: “GeoIP *const ”: 将值强制为布尔值“true”或“false”(性能警告)
     1>c:\program files\microsoft visual studio 10.0\vc\include\xutility(2227): warning C4996: 'std::_Copy_impl': Function call with parameters that may be unsafe - this call relies on the caller to check that the passed values are correct. To disable this warning, use -D_SCL_SECURE_NO_WARNINGS. See documentation on how to use Visual C++ 'Checked Iterators'
                 c:\program files\microsoft visual studio 10.0\vc\include\xutility(2212) : 参见“std::_Copy_impl”的声明
                 f:\avplayer\libtorrent\src\udp_tracker_connection.cpp(492): 参见对正在编译的函数 模板 实例化“_OutIt std::copy<libtorrent::big_number::const_iterator,char*>(_InIt,_InIt,_OutIt)”的引用
                 with
                 [
                     _OutIt=char *,
                     _InIt=libtorrent::big_number::const_iterator
                 ]
         udp_socket.cpp
     1>f:\avplayer\libtorrent\src\udp_socket.cpp(1362): warning C4244: “+=”: 从“uint64_t”转换到“int”，可能丢失数据
         tracker_manager.cpp
     1>f:\avplayer\libtorrent\include\libtorrent\alert.hpp(155): warning C4800: “const uint32_t”: 将值强制为布尔值“true”或“false”(性能警告)
     1>f:\avplayer\libtorrent\include\libtorrent\aux_\session_impl.hpp(462): warning C4800: “GeoIP *const ”: 将值强制为布尔值“true”或“false”(性能警告)
     1>f:\avplayer\libtorrent\include\libtorrent\aux_\session_impl.hpp(465): warning C4800: “GeoIP *const ”: 将值强制为布尔值“true”或“false”(性能警告)
         torrent_info.cpp
     1>f:\avplayer\libtorrent\src\torrent_info.cpp(466): warning C4244: “参数”: 从“libtorrent::size_type”转换到“unsigned int”，可能丢失数据
     1>f:\avplayer\libtorrent\src\torrent_info.cpp(854): warning C4800: “uint32_t”: 将值强制为布尔值“true”或“false”(性能警告)
     1>f:\avplayer\libtorrent\src\torrent_info.cpp(855): warning C4800: “uint32_t”: 将值强制为布尔值“true”或“false”(性能警告)
     1>f:\avplayer\libtorrent\src\torrent_info.cpp(856): warning C4800: “uint32_t”: 将值强制为布尔值“true”或“false”(性能警告)
     1>f:\avplayer\libtorrent\src\torrent_info.cpp(894): warning C4244: “初始化”: 从“libtorrent::size_type”转换到“int”，可能丢失数据
     1>f:\avplayer\libtorrent\src\torrent_info.cpp(1028): warning C4800: “libtorrent::size_type”: 将值强制为布尔值“true”或“false”(性能警告)
         正在生成代码...
         正在编译...
         torrent_handle.cpp
     1>f:\avplayer\libtorrent\src\torrent_handle.cpp : warning C4819: 该文件包含不能在当前代码页(936)中表示的字符。请将该文件保存为 Unicode 格式以防止数据丢失
     1>f:\avplayer\libtorrent\include\libtorrent\alert.hpp(155): warning C4800: “const uint32_t”: 将值强制为布尔值“true”或“false”(性能警告)
     1>f:\avplayer\libtorrent\include\libtorrent\aux_\session_impl.hpp(462): warning C4800: “GeoIP *const ”: 将值强制为布尔值“true”或“false”(性能警告)
     1>f:\avplayer\libtorrent\include\libtorrent\aux_\session_impl.hpp(465): warning C4800: “GeoIP *const ”: 将值强制为布尔值“true”或“false”(性能警告)
         torrent.cpp
     1>f:\avplayer\libtorrent\include\libtorrent\alert.hpp(155): warning C4800: “const uint32_t”: 将值强制为布尔值“true”或“false”(性能警告)
     1>f:\avplayer\libtorrent\include\libtorrent\aux_\session_impl.hpp(462): warning C4800: “GeoIP *const ”: 将值强制为布尔值“true”或“false”(性能警告)
     1>f:\avplayer\libtorrent\include\libtorrent\aux_\session_impl.hpp(465): warning C4800: “GeoIP *const ”: 将值强制为布尔值“true”或“false”(性能警告)
     1>f:\avplayer\libtorrent\src\torrent.cpp(166): warning C4244: “return”: 从“const libtorrent::size_type”转换到“uint32_t”，可能丢失数据
     1>f:\avplayer\libtorrent\src\torrent.cpp(345): warning C4355: “this”: 用于基成员初始值设定项列表
     1>f:\avplayer\libtorrent\src\torrent.cpp(431): warning C4800: “const uint64_t”: 将值强制为布尔值“true”或“false”(性能警告)
     1>f:\avplayer\libtorrent\src\torrent.cpp(431): warning C4800: “const uint64_t”: 将值强制为布尔值“true”或“false”(性能警告)
     1>f:\avplayer\libtorrent\src\torrent.cpp(431): warning C4800: “const uint64_t”: 将值强制为布尔值“true”或“false”(性能警告)
     1>f:\avplayer\libtorrent\src\torrent.cpp(431): warning C4800: “const uint64_t”: 将值强制为布尔值“true”或“false”(性能警告)
     1>f:\avplayer\libtorrent\src\torrent.cpp(431): warning C4800: “const uint64_t”: 将值强制为布尔值“true”或“false”(性能警告)
     1>f:\avplayer\libtorrent\src\torrent.cpp(431): warning C4800: “const uint64_t”: 将值强制为布尔值“true”或“false”(性能警告)
     1>f:\avplayer\libtorrent\src\torrent.cpp(431): warning C4800: “const uint64_t”: 将值强制为布尔值“true”或“false”(性能警告)
     1>f:\avplayer\libtorrent\src\torrent.cpp(1646): warning C4018: “>”: 有符号/无符号不匹配
     1>f:\avplayer\libtorrent\src\torrent.cpp(1775): warning C4244: “+=”: 从“const libtorrent::size_type”转换到“unsigned int”，可能丢失数据
     1>f:\avplayer\libtorrent\src\torrent.cpp(1777): warning C4244: “参数”: 从“libtorrent::size_type”转换到“int”，可能丢失数据
     1>f:\avplayer\libtorrent\src\torrent.cpp(1935): warning C4244: “初始化”: 从“libtorrent::size_type”转换到“int”，可能丢失数据
     1>f:\avplayer\libtorrent\src\torrent.cpp(1952): warning C4244: “初始化”: 从“libtorrent::size_type”转换到“int”，可能丢失数据
     1>f:\avplayer\libtorrent\src\torrent.cpp(2012): warning C4244: “初始化”: 从“libtorrent::size_type”转换到“int”，可能丢失数据
     1>f:\avplayer\libtorrent\src\torrent.cpp(2028): warning C4244: “初始化”: 从“libtorrent::size_type”转换到“int”，可能丢失数据
     1>f:\avplayer\libtorrent\src\torrent.cpp(2965): warning C4244: “+=”: 从“libtorrent::size_type”转换到“int”，可能丢失数据
     1>f:\avplayer\libtorrent\src\torrent.cpp(3291): warning C4244: “初始化”: 从“const libtorrent::size_type”转换到“int”，可能丢失数据
     1>f:\avplayer\libtorrent\src\torrent.cpp(4112): warning C4018: “<”: 有符号/无符号不匹配
     1>f:\avplayer\libtorrent\src\torrent.cpp(4133): warning C4018: “<=”: 有符号/无符号不匹配
     1>f:\avplayer\libtorrent\src\torrent.cpp(4151): warning C4018: “<=”: 有符号/无符号不匹配
     1>f:\avplayer\libtorrent\src\torrent.cpp(4567): warning C4244: “+=”: 从“libtorrent::size_type”转换到“uint32_t”，可能丢失数据
     1>f:\avplayer\libtorrent\src\torrent.cpp(4568): warning C4244: “+=”: 从“libtorrent::size_type”转换到“uint32_t”，可能丢失数据
     1>f:\avplayer\libtorrent\src\torrent.cpp(5179): warning C4244: “参数”: 从“libtorrent::size_type”转换到“int”，可能丢失数据
     1>f:\avplayer\libtorrent\src\torrent.cpp(5180): warning C4244: “参数”: 从“libtorrent::size_type”转换到“int”，可能丢失数据
     1>f:\avplayer\libtorrent\src\torrent.cpp(5181): warning C4244: “参数”: 从“libtorrent::size_type”转换到“int”，可能丢失数据
     1>f:\avplayer\libtorrent\src\torrent.cpp(5182): warning C4244: “参数”: 从“libtorrent::size_type”转换到“int”，可能丢失数据
     1>f:\avplayer\libtorrent\src\torrent.cpp(5185): warning C4800: “libtorrent::size_type”: 将值强制为布尔值“true”或“false”(性能警告)
     1>f:\avplayer\libtorrent\src\torrent.cpp(5187): warning C4244: “=”: 从“libtorrent::size_type”转换到“uint16_t”，可能丢失数据
     1>f:\avplayer\libtorrent\src\torrent.cpp(5231): warning C4244: “=”: 从“libtorrent::size_type”转换到“unsigned char”，可能丢失数据
     1>f:\avplayer\libtorrent\src\torrent.cpp(5247): warning C4244: “初始化”: 从“libtorrent::size_type”转换到“int”，可能丢失数据
     1>f:\avplayer\libtorrent\src\torrent.cpp(5248): warning C4800: “int”: 将值强制为布尔值“true”或“false”(性能警告)
     1>f:\avplayer\libtorrent\src\torrent.cpp(5251): warning C4244: “初始化”: 从“libtorrent::size_type”转换到“int”，可能丢失数据
     1>f:\avplayer\libtorrent\src\torrent.cpp(5252): warning C4800: “int”: 将值强制为布尔值“true”或“false”(性能警告)
     1>f:\avplayer\libtorrent\src\torrent.cpp(5256): warning C4244: “初始化”: 从“libtorrent::size_type”转换到“int”，可能丢失数据
     1>f:\avplayer\libtorrent\src\torrent.cpp(5264): warning C4244: “初始化”: 从“libtorrent::size_type”转换到“int”，可能丢失数据
     1>f:\avplayer\libtorrent\src\torrent.cpp(5265): warning C4800: “int”: 将值强制为布尔值“true”或“false”(性能警告)
     1>f:\avplayer\libtorrent\src\torrent.cpp(5266): warning C4244: “初始化”: 从“libtorrent::size_type”转换到“int”，可能丢失数据
     1>f:\avplayer\libtorrent\src\torrent.cpp(5267): warning C4800: “int”: 将值强制为布尔值“true”或“false”(性能警告)
     1>f:\avplayer\libtorrent\src\torrent.cpp(5268): warning C4244: “初始化”: 从“libtorrent::size_type”转换到“int”，可能丢失数据
     1>f:\avplayer\libtorrent\src\torrent.cpp(5269): warning C4800: “int”: 将值强制为布尔值“true”或“false”(性能警告)
     1>f:\avplayer\libtorrent\src\torrent.cpp(5937): warning C4800: “libtorrent::peer_connection *”: 将值强制为布尔值“true”或“false”(性能警告)
     1>f:\avplayer\libtorrent\src\torrent.cpp(6107): warning C4018: “>”: 有符号/无符号不匹配
     1>f:\avplayer\libtorrent\src\torrent.cpp(8806): warning C4800: “uint32_t”: 将值强制为布尔值“true”或“false”(性能警告)
     1>f:\avplayer\libtorrent\src\torrent.cpp(8903): warning C4244: “=”: 从“libtorrent::size_type”转换到“int”，可能丢失数据
         timestamp_history.cpp
         time.cpp
         thread.cpp
         string_util.cpp
         storage.cpp
     1>f:\avplayer\libtorrent\include\libtorrent\alert.hpp(155): warning C4800: “const uint32_t”: 将值强制为布尔值“true”或“false”(性能警告)
     1>f:\avplayer\libtorrent\include\libtorrent\aux_\session_impl.hpp(462): warning C4800: “GeoIP *const ”: 将值强制为布尔值“true”或“false”(性能警告)
     1>f:\avplayer\libtorrent\include\libtorrent\aux_\session_impl.hpp(465): warning C4800: “GeoIP *const ”: 将值强制为布尔值“true”或“false”(性能警告)
     1>c:\program files\microsoft visual studio 10.0\vc\include\xutility(2227): warning C4996: 'std::_Copy_impl': Function call with parameters that may be unsafe - this call relies on the caller to check that the passed values are correct. To disable this warning, use -D_SCL_SECURE_NO_WARNINGS. See documentation on how to use Visual C++ 'Checked Iterators'
                 c:\program files\microsoft visual studio 10.0\vc\include\xutility(2212) : 参见“std::_Copy_impl”的声明
                 f:\avplayer\libtorrent\src\storage.cpp(1761): 参见对正在编译的函数 模板 实例化“_OutIt std::copy<libtorrent::file::iovec_t*,libtorrent::file::iovec_t*>(_InIt,_InIt,_OutIt)”的引用
                 with
                 [
                     _OutIt=libtorrent::file::iovec_t *,
                     _InIt=libtorrent::file::iovec_t *
                 ]
         stat.cpp
         socks5_stream.cpp
     1>c:\program files\microsoft visual studio 10.0\vc\include\xutility(2227): warning C4996: 'std::_Copy_impl': Function call with parameters that may be unsafe - this call relies on the caller to check that the passed values are correct. To disable this warning, use -D_SCL_SECURE_NO_WARNINGS. See documentation on how to use Visual C++ 'Checked Iterators'
                 c:\program files\microsoft visual studio 10.0\vc\include\xutility(2212) : 参见“std::_Copy_impl”的声明
                 f:\avplayer\libtorrent\src\socks5_stream.cpp(288): 参见对正在编译的函数 模板 实例化“_OutIt std::copy<std::_String_iterator<_Elem,_Traits,_Alloc>,char*>(_InIt,_InIt,_OutIt)”的引用
                 with
                 [
                     _OutIt=char *,
                     _Elem=char,
                     _Traits=std::char_traits<char>,
                     _Alloc=std::allocator<char>,
                     _InIt=std::_String_iterator<char,std::char_traits<char>,std::allocator<char>>
                 ]
         socket_type.cpp
         socket_io.cpp
         smart_ban.cpp
     1>f:\avplayer\libtorrent\include\libtorrent\alert.hpp(155): warning C4800: “const uint32_t”: 将值强制为布尔值“true”或“false”(性能警告)
     1>f:\avplayer\libtorrent\include\libtorrent\aux_\session_impl.hpp(462): warning C4800: “GeoIP *const ”: 将值强制为布尔值“true”或“false”(性能警告)
     1>f:\avplayer\libtorrent\include\libtorrent\aux_\session_impl.hpp(465): warning C4800: “GeoIP *const ”: 将值强制为布尔值“true”或“false”(性能警告)
         sha1.cpp
         settings.cpp
         session_impl.cpp
     1>f:\avplayer\libtorrent\include\libtorrent\alert.hpp(155): warning C4800: “const uint32_t”: 将值强制为布尔值“true”或“false”(性能警告)
     1>f:\avplayer\libtorrent\include\libtorrent\aux_\session_impl.hpp(462): warning C4800: “GeoIP *const ”: 将值强制为布尔值“true”或“false”(性能警告)
     1>f:\avplayer\libtorrent\include\libtorrent\aux_\session_impl.hpp(465): warning C4800: “GeoIP *const ”: 将值强制为布尔值“true”或“false”(性能警告)
     1>f:\avplayer\libtorrent\src\session_impl.cpp(614): warning C4355: “this”: 用于基成员初始值设定项列表
     1>f:\avplayer\libtorrent\src\session_impl.cpp(622): warning C4355: “this”: 用于基成员初始值设定项列表
     1>f:\avplayer\libtorrent\src\session_impl.cpp(657): warning C4355: “this”: 用于基成员初始值设定项列表
     1>f:\avplayer\libtorrent\src\session_impl.cpp(1524): warning C4244: “=”: 从“libtorrent::size_type”转换到“int”，可能丢失数据
     1>c:\program files\microsoft visual studio 10.0\vc\include\xutility(2227): warning C4996: 'std::_Copy_impl': Function call with parameters that may be unsafe - this call relies on the caller to check that the passed values are correct. To disable this warning, use -D_SCL_SECURE_NO_WARNINGS. See documentation on how to use Visual C++ 'Checked Iterators'
                 c:\program files\microsoft visual studio 10.0\vc\include\xutility(2212) : 参见“std::_Copy_impl”的声明
                 f:\avplayer\libtorrent\src\session_impl.cpp(720): 参见对正在编译的函数 模板 实例化“_OutIt std::copy<std::_String_iterator<_Elem,_Traits,_Alloc>,libtorrent::big_number::iterator>(_InIt,_InIt,_OutIt)”的引用
                 with
                 [
                     _OutIt=libtorrent::big_number::iterator,
                     _Elem=char,
                     _Traits=std::char_traits<char>,
                     _Alloc=std::allocator<char>,
                     _InIt=std::_String_iterator<char,std::char_traits<char>,std::allocator<char>>
                 ]
         session.cpp
     1>f:\avplayer\libtorrent\include\libtorrent\alert.hpp(155): warning C4800: “const uint32_t”: 将值强制为布尔值“true”或“false”(性能警告)
     1>f:\avplayer\libtorrent\include\libtorrent\aux_\session_impl.hpp(462): warning C4800: “GeoIP *const ”: 将值强制为布尔值“true”或“false”(性能警告)
     1>f:\avplayer\libtorrent\include\libtorrent\aux_\session_impl.hpp(465): warning C4800: “GeoIP *const ”: 将值强制为布尔值“true”或“false”(性能警告)
     1>f:\avplayer\libtorrent\src\session.cpp(94): warning C4535: 调用 _set_se_translator() 需要 /EHa
         rss.cpp
     1>f:\avplayer\libtorrent\include\libtorrent\alert.hpp(155): warning C4800: “const uint32_t”: 将值强制为布尔值“true”或“false”(性能警告)
     1>f:\avplayer\libtorrent\include\libtorrent\aux_\session_impl.hpp(462): warning C4800: “GeoIP *const ”: 将值强制为布尔值“true”或“false”(性能警告)
     1>f:\avplayer\libtorrent\include\libtorrent\aux_\session_impl.hpp(465): warning C4800: “GeoIP *const ”: 将值强制为布尔值“true”或“false”(性能警告)
     1>f:\avplayer\libtorrent\src\rss.cpp(611): warning C4244: “return”: 从“time_t”转换到“int”，可能丢失数据
         rsa.cpp
     1>f:\avplayer\libtorrent\src\rsa.cpp(88): warning C4800: “int”: 将值强制为布尔值“true”或“false”(性能警告)
         random.cpp
         puff.cpp
         正在生成代码...
         正在编译...
         policy.cpp
     1>f:\avplayer\libtorrent\include\libtorrent\alert.hpp(155): warning C4800: “const uint32_t”: 将值强制为布尔值“true”或“false”(性能警告)
     1>f:\avplayer\libtorrent\include\libtorrent\aux_\session_impl.hpp(462): warning C4800: “GeoIP *const ”: 将值强制为布尔值“true”或“false”(性能警告)
     1>f:\avplayer\libtorrent\include\libtorrent\aux_\session_impl.hpp(465): warning C4800: “GeoIP *const ”: 将值强制为布尔值“true”或“false”(性能警告)
     1>f:\avplayer\libtorrent\src\policy.cpp(485): warning C4018: “<”: 有符号/无符号不匹配
         piece_picker.cpp
     1>f:\avplayer\libtorrent\src\piece_picker.cpp(1491): warning C4018: “>”: 有符号/无符号不匹配
     1>f:\avplayer\libtorrent\src\piece_picker.cpp(1530): warning C4018: “>=”: 有符号/无符号不匹配
     1>f:\avplayer\libtorrent\src\piece_picker.cpp(1530): warning C4018: “>=”: 有符号/无符号不匹配
     1>f:\avplayer\libtorrent\src\piece_picker.cpp(1567): warning C4018: “<”: 有符号/无符号不匹配
     1>f:\avplayer\libtorrent\src\piece_picker.cpp(1573): warning C4018: “<”: 有符号/无符号不匹配
     1>c:\program files\microsoft visual studio 10.0\vc\include\xutility(2227): warning C4996: 'std::_Copy_impl': Function call with parameters that may be unsafe - this call relies on the caller to check that the passed values are correct. To disable this warning, use -D_SCL_SECURE_NO_WARNINGS. See documentation on how to use Visual C++ 'Checked Iterators'
                 c:\program files\microsoft visual studio 10.0\vc\include\xutility(2212) : 参见“std::_Copy_impl”的声明
                 f:\avplayer\libtorrent\src\piece_picker.cpp(213): 参见对正在编译的函数 模板 实例化“_OutIt std::copy<libtorrent::piece_picker::block_info*,libtorrent::piece_picker::block_info*>(_InIt,_InIt,_OutIt)”的引用
                 with
                 [
                     _OutIt=libtorrent::piece_picker::block_info *,
                     _InIt=libtorrent::piece_picker::block_info *
                 ]
         peer_connection.cpp
     1>f:\avplayer\libtorrent\include\libtorrent\alert.hpp(155): warning C4800: “const uint32_t”: 将值强制为布尔值“true”或“false”(性能警告)
     1>f:\avplayer\libtorrent\include\libtorrent\aux_\session_impl.hpp(462): warning C4800: “GeoIP *const ”: 将值强制为布尔值“true”或“false”(性能警告)
     1>f:\avplayer\libtorrent\include\libtorrent\aux_\session_impl.hpp(465): warning C4800: “GeoIP *const ”: 将值强制为布尔值“true”或“false”(性能警告)
     1>f:\avplayer\libtorrent\src\peer_connection.cpp(4077): warning C4800: “int”: 将值强制为布尔值“true”或“false”(性能警告)
     1>f:\avplayer\libtorrent\src\peer_connection.cpp(4429): warning C4244: “初始化”: 从“uint64_t”转换到“int”，可能丢失数据
         pe_crypto.cpp
         parse_url.cpp
         packet_buffer.cpp
         natpmp.cpp
         metadata_transfer.cpp
     1>f:\avplayer\libtorrent\include\libtorrent\alert.hpp(155): warning C4800: “const uint32_t”: 将值强制为布尔值“true”或“false”(性能警告)
     1>f:\avplayer\libtorrent\include\libtorrent\aux_\session_impl.hpp(462): warning C4800: “GeoIP *const ”: 将值强制为布尔值“true”或“false”(性能警告)
     1>f:\avplayer\libtorrent\include\libtorrent\aux_\session_impl.hpp(465): warning C4800: “GeoIP *const ”: 将值强制为布尔值“true”或“false”(性能警告)
     1>c:\program files\microsoft visual studio 10.0\vc\include\xutility(2227): warning C4996: 'std::_Copy_impl': Function call with parameters that may be unsafe - this call relies on the caller to check that the passed values are correct. To disable this warning, use -D_SCL_SECURE_NO_WARNINGS. See documentation on how to use Visual C++ 'Checked Iterators'
                 c:\program files\microsoft visual studio 10.0\vc\include\xutility(2212) : 参见“std::_Copy_impl”的声明
                 f:\avplayer\libtorrent\src\metadata_transfer.cpp(143): 参见对正在编译的函数 模板 实例化“_OutIt std::copy<const char*,T*>(_InIt,_InIt,_OutIt)”的引用
                 with
                 [
                     _OutIt=char *,
                     T=char,
                     _InIt=const char *
                 ]
         magnet_uri.cpp
     1>f:\avplayer\libtorrent\include\libtorrent\alert.hpp(155): warning C4800: “const uint32_t”: 将值强制为布尔值“true”或“false”(性能警告)
         lt_trackers.cpp
     1>f:\avplayer\libtorrent\include\libtorrent\alert.hpp(155): warning C4800: “const uint32_t”: 将值强制为布尔值“true”或“false”(性能警告)
     1>f:\avplayer\libtorrent\include\libtorrent\aux_\session_impl.hpp(462): warning C4800: “GeoIP *const ”: 将值强制为布尔值“true”或“false”(性能警告)
     1>f:\avplayer\libtorrent\include\libtorrent\aux_\session_impl.hpp(465): warning C4800: “GeoIP *const ”: 将值强制为布尔值“true”或“false”(性能警告)
         lsd.cpp
         logger.cpp
     1>f:\avplayer\libtorrent\include\libtorrent\alert.hpp(155): warning C4800: “const uint32_t”: 将值强制为布尔值“true”或“false”(性能警告)
         lazy_bdecode.cpp
         ip_voter.cpp
         ip_filter.cpp
         instantiate_connection.cpp
         identify_client.cpp
     1>c:\program files\microsoft visual studio 10.0\vc\include\xutility(3051): warning C4996: 'std::_Equal1': Function call with parameters that may be unsafe - this call relies on the caller to check that the passed values are correct. To disable this warning, use -D_SCL_SECURE_NO_WARNINGS. See documentation on how to use Visual C++ 'Checked Iterators'
                 c:\program files\microsoft visual studio 10.0\vc\include\xutility(3036) : 参见“std::_Equal1”的声明
                 f:\avplayer\libtorrent\src\identify_client.cpp(307): 参见对正在编译的函数 模板 实例化“bool std::equal<const char*,const char*>(_InIt1,_InIt1,_InIt2)”的引用
                 with
                 [
                     _InIt1=const char *,
                     _InIt2=const char *
                 ]
     1>c:\program files\microsoft visual studio 10.0\vc\include\xutility(3051): warning C4996: 'std::_Equal1': Function call with parameters that may be unsafe - this call relies on the caller to check that the passed values are correct. To disable this warning, use -D_SCL_SECURE_NO_WARNINGS. See documentation on how to use Visual C++ 'Checked Iterators'
                 c:\program files\microsoft visual studio 10.0\vc\include\xutility(3036) : 参见“std::_Equal1”的声明
                 f:\avplayer\libtorrent\src\identify_client.cpp(334): 参见对正在编译的函数 模板 实例化“bool std::equal<const char*,const unsigned char*>(_InIt1,_InIt1,_InIt2)”的引用
                 with
                 [
                     _InIt1=const char *,
                     _InIt2=const unsigned char *
                 ]
         i2p_stream.cpp
         http_tracker_connection.cpp
     1>f:\avplayer\libtorrent\include\libtorrent\alert.hpp(155): warning C4800: “const uint32_t”: 将值强制为布尔值“true”或“false”(性能警告)
     1>f:\avplayer\libtorrent\include\libtorrent\aux_\session_impl.hpp(462): warning C4800: “GeoIP *const ”: 将值强制为布尔值“true”或“false”(性能警告)
     1>f:\avplayer\libtorrent\include\libtorrent\aux_\session_impl.hpp(465): warning C4800: “GeoIP *const ”: 将值强制为布尔值“true”或“false”(性能警告)
     1>c:\program files\microsoft visual studio 10.0\vc\include\xutility(2227): warning C4996: 'std::_Copy_impl': Function call with parameters that may be unsafe - this call relies on the caller to check that the passed values are correct. To disable this warning, use -D_SCL_SECURE_NO_WARNINGS. See documentation on how to use Visual C++ 'Checked Iterators'
                 c:\program files\microsoft visual studio 10.0\vc\include\xutility(2212) : 参见“std::_Copy_impl”的声明
                 f:\avplayer\libtorrent\src\http_tracker_connection.cpp(352): 参见对正在编译的函数 模板 实例化“_OutIt std::copy<const char*,libtorrent::big_number::iterator>(_InIt,_InIt,_OutIt)”的引用
                 with
                 [
                     _OutIt=libtorrent::big_number::iterator,
                     _InIt=const char *
                 ]
     1>c:\program files\microsoft visual studio 10.0\vc\include\xutility(2801): warning C4996: 'std::_Fill_n': Function call with parameters that may be unsafe - this call relies on the caller to check that the passed values are correct. To disable this warning, use -D_SCL_SECURE_NO_WARNINGS. See documentation on how to use Visual C++ 'Checked Iterators'
                 c:\program files\microsoft visual studio 10.0\vc\include\xutility(2787) : 参见“std::_Fill_n”的声明
                 f:\avplayer\libtorrent\src\http_tracker_connection.cpp(357): 参见对正在编译的函数 模板 实例化“void std::fill_n<libtorrent::big_number::iterator,int,int>(_OutIt,_Diff,const _Ty &)”的引用
                 with
                 [
                     _OutIt=libtorrent::big_number::iterator,
                     _Diff=int,
                     _Ty=int
                 ]
         http_stream.cpp
         正在生成代码...
         正在编译...
         http_seed_connection.cpp
     1>f:\avplayer\libtorrent\include\libtorrent\alert.hpp(155): warning C4800: “const uint32_t”: 将值强制为布尔值“true”或“false”(性能警告)
     1>f:\avplayer\libtorrent\include\libtorrent\aux_\session_impl.hpp(462): warning C4800: “GeoIP *const ”: 将值强制为布尔值“true”或“false”(性能警告)
     1>f:\avplayer\libtorrent\include\libtorrent\aux_\session_impl.hpp(465): warning C4800: “GeoIP *const ”: 将值强制为布尔值“true”或“false”(性能警告)
         http_parser.cpp
         http_connection.cpp
         gzip.cpp
         file_storage.cpp
     1>f:\avplayer\libtorrent\src\file_storage.cpp(310): warning C4244: “=”: 从“libtorrent::size_type”转换到“int”，可能丢失数据
         file_pool.cpp
         file.cpp
     1>f:\avplayer\libtorrent\src\file.cpp(153): warning C4018: “<”: 有符号/无符号不匹配
     1>f:\avplayer\libtorrent\src\file.cpp(445): warning C4018: “<”: 有符号/无符号不匹配
     1>f:\avplayer\libtorrent\src\file.cpp(1003): warning C4800: “int”: 将值强制为布尔值“true”或“false”(性能警告)
     1>f:\avplayer\libtorrent\src\file.cpp(1214): warning C4305: “return”: 从“int”到“bool”截断
     1>f:\avplayer\libtorrent\src\file.cpp(1217): warning C4305: “return”: 从“int”到“bool”截断
     1>f:\avplayer\libtorrent\src\file.cpp(1266): warning C4800: “int”: 将值强制为布尔值“true”或“false”(性能警告)
         escape_string.cpp
     1>f:\avplayer\libtorrent\src\escape_string.cpp(77): warning C4146: 一元负运算符应用于无符号类型，结果仍为无符号类型
         error_code.cpp
         enum_net.cpp
     1>f:\avplayer\libtorrent\src\enum_net.cpp(978): warning C4018: “<”: 有符号/无符号不匹配
         entry.cpp
         disk_io_thread.cpp
     1>f:\avplayer\libtorrent\src\disk_io_thread.cpp(90): warning C4355: “this”: 用于基成员初始值设定项列表
     1>f:\avplayer\libtorrent\src\disk_io_thread.cpp(678): warning C4244: “参数”: 从“int64_t”转换到“int”，可能丢失数据
     1>f:\avplayer\libtorrent\src\disk_io_thread.cpp(1308): warning C4101: “e”: 未引用的局部变量
     1>f:\avplayer\libtorrent\src\disk_io_thread.cpp(1358): warning C4244: “return”: 从“libtorrent::size_type”转换到“int”，可能丢失数据
     1>f:\avplayer\libtorrent\src\disk_io_thread.cpp(1431): warning C4800: “int”: 将值强制为布尔值“true”或“false”(性能警告)
     1>f:\avplayer\libtorrent\src\disk_io_thread.cpp(1443): warning C4800: “int”: 将值强制为布尔值“true”或“false”(性能警告)
     1>f:\avplayer\libtorrent\src\disk_io_thread.cpp(1578): warning C4018: “>”: 有符号/无符号不匹配
     1>f:\avplayer\libtorrent\src\disk_io_thread.cpp(1673): warning C4244: “参数”: 从“int64_t”转换到“int”，可能丢失数据
     1>f:\avplayer\libtorrent\src\disk_io_thread.cpp(1674): warning C4244: “参数”: 从“int64_t”转换到“int”，可能丢失数据
     1>f:\avplayer\libtorrent\src\disk_io_thread.cpp(1728): warning C4244: “参数”: 从“int64_t”转换到“int”，可能丢失数据
     1>f:\avplayer\libtorrent\src\disk_io_thread.cpp(1798): warning C4244: “=”: 从“uint64_t”转换到“int”，可能丢失数据
     1>f:\avplayer\libtorrent\src\disk_io_thread.cpp(2045): warning C4244: “参数”: 从“int64_t”转换到“int”，可能丢失数据
     1>f:\avplayer\libtorrent\src\disk_io_thread.cpp(2141): warning C4244: “参数”: 从“int64_t”转换到“int”，可能丢失数据
     1>f:\avplayer\libtorrent\src\disk_io_thread.cpp(2233): warning C4244: “参数”: 从“int64_t”转换到“int”，可能丢失数据
     1>f:\avplayer\libtorrent\src\disk_io_thread.cpp(2396): warning C4244: “参数”: 从“int64_t”转换到“int”，可能丢失数据
     1>f:\avplayer\libtorrent\src\disk_io_thread.cpp(2460): warning C4244: “参数”: 从“int64_t”转换到“int”，可能丢失数据
         disk_buffer_pool.cpp
         disk_buffer_holder.cpp
     1>f:\avplayer\libtorrent\include\libtorrent\alert.hpp(155): warning C4800: “const uint32_t”: 将值强制为布尔值“true”或“false”(性能警告)
     1>f:\avplayer\libtorrent\include\libtorrent\aux_\session_impl.hpp(462): warning C4800: “GeoIP *const ”: 将值强制为布尔值“true”或“false”(性能警告)
     1>f:\avplayer\libtorrent\include\libtorrent\aux_\session_impl.hpp(465): warning C4800: “GeoIP *const ”: 将值强制为布尔值“true”或“false”(性能警告)
         create_torrent.cpp
         ConvertUTF.cpp
         connection_queue.cpp
         chained_buffer.cpp
         bt_peer_connection.cpp
     1>f:\avplayer\libtorrent\include\libtorrent\alert.hpp(155): warning C4800: “const uint32_t”: 将值强制为布尔值“true”或“false”(性能警告)
     1>f:\avplayer\libtorrent\include\libtorrent\aux_\session_impl.hpp(462): warning C4800: “GeoIP *const ”: 将值强制为布尔值“true”或“false”(性能警告)
     1>f:\avplayer\libtorrent\include\libtorrent\aux_\session_impl.hpp(465): warning C4800: “GeoIP *const ”: 将值强制为布尔值“true”或“false”(性能警告)
     1>c:\program files\microsoft visual studio 10.0\vc\include\xutility(3051): warning C4996: 'std::_Equal1': Function call with parameters that may be unsafe - this call relies on the caller to check that the passed values are correct. To disable this warning, use -D_SCL_SECURE_NO_WARNINGS. See documentation on how to use Visual C++ 'Checked Iterators'
                 c:\program files\microsoft visual studio 10.0\vc\include\xutility(3036) : 参见“std::_Equal1”的声明
                 f:\avplayer\libtorrent\src\bt_peer_connection.cpp(664): 参见对正在编译的函数 模板 实例化“bool std::equal<const char*,const char*>(_InIt1,_InIt1,_InIt2)”的引用
                 with
                 [
                     _InIt1=const char *,
                     _InIt2=const char *
                 ]
     1>c:\program files\microsoft visual studio 10.0\vc\include\xutility(3051): warning C4996: 'std::_Equal1': Function call with parameters that may be unsafe - this call relies on the caller to check that the passed values are correct. To disable this warning, use -D_SCL_SECURE_NO_WARNINGS. See documentation on how to use Visual C++ 'Checked Iterators'
                 c:\program files\microsoft visual studio 10.0\vc\include\xutility(3036) : 参见“std::_Equal1”的声明
                 f:\avplayer\libtorrent\src\bt_peer_connection.cpp(2545): 参见对正在编译的函数 模板 实例化“bool std::equal<const char*,char*>(_InIt1,_InIt1,_InIt2)”的引用
                 with
                 [
                     _InIt1=const char *,
                     _InIt2=char *
                 ]
     1>c:\program files\microsoft visual studio 10.0\vc\include\xutility(2227): warning C4996: 'std::_Copy_impl': Function call with parameters that may be unsafe - this call relies on the caller to check that the passed values are correct. To disable this warning, use -D_SCL_SECURE_NO_WARNINGS. See documentation on how to use Visual C++ 'Checked Iterators'
                 c:\program files\microsoft visual studio 10.0\vc\include\xutility(2212) : 参见“std::_Copy_impl”的声明
                 f:\avplayer\libtorrent\src\bt_peer_connection.cpp(3019): 参见对正在编译的函数 模板 实例化“_OutIt std::copy<const char*,char*>(_InIt,_InIt,_OutIt)”的引用
                 with
                 [
                     _OutIt=char *,
                     _InIt=const char *
                 ]
         broadcast_socket.cpp
     1>f:\avplayer\libtorrent\src\broadcast_socket.cpp(81): warning C4101: “e”: 未引用的局部变量
     1>f:\avplayer\libtorrent\src\broadcast_socket.cpp(92): warning C4101: “e”: 未引用的局部变量
     1>f:\avplayer\libtorrent\src\broadcast_socket.cpp(106): warning C4101: “e”: 未引用的局部变量
     1>f:\avplayer\libtorrent\src\broadcast_socket.cpp(125): warning C4101: “e”: 未引用的局部变量
     1>f:\avplayer\libtorrent\src\broadcast_socket.cpp(136): warning C4101: “e”: 未引用的局部变量
     1>f:\avplayer\libtorrent\src\broadcast_socket.cpp(149): warning C4101: “e”: 未引用的局部变量
         正在生成代码...
         正在编译...
         bloom_filter.cpp
         bandwidth_queue_entry.cpp
         bandwidth_manager.cpp
         bandwidth_limit.cpp
         assert.cpp
         allocator.cpp
         alert.cpp
     1>f:\avplayer\libtorrent\include\libtorrent\alert.hpp(155): warning C4800: “const uint32_t”: 将值强制为布尔值“true”或“false”(性能警告)
         正在生成代码...
         c:\Program Files\Microsoft Visual Studio 10.0\VC\bin\CL.exe /c /I. /I.\libtorrent /I..\..\third_party\openssl\include /ZI /nologo /W3 /WX- /Od /Oy- /D WIN32 /D _DEBUG /D _LIB /D _WIN32_WINNT=0x0501 /D WIN32_LEAN_AND_MEAN /D _CRT_SECURE_NO_WARNINGS /D BOOST_ASIO_ENABLE_CANCELIO /D BOOST_ASIO_DYN_LINK /D TORRENT_USE_OPENSSL /D _UNICODE /D UNICODE /Gm /EHsc /RTC1 /MTd /GS /fp:precise /Zc:wchar_t /Zc:forScope /Fo"Debug\\" /Fd"Debug\vc100.pdb" /Gd /TC /analyze- /errorReport:prompt ..\src\GeoIP.c ..\src\mpi.c
         mpi.c
         GeoIP.c
     1>f:\avplayer\libtorrent\src\geoip.c(589): warning C4996: 'fileno': The POSIX name for this item is deprecated. Instead, use the ISO C++ conformant name: _fileno. See online help for details.
                 c:\program files\microsoft visual studio 10.0\vc\include\stdio.h(723) : 参见“fileno”的声明
     1>f:\avplayer\libtorrent\src\geoip.c(624): warning C4996: 'fileno': The POSIX name for this item is deprecated. Instead, use the ISO C++ conformant name: _fileno. See online help for details.
                 c:\program files\microsoft visual studio 10.0\vc\include\stdio.h(723) : 参见“fileno”的声明
         正在生成代码...
       Lib:
         c:\Program Files\Microsoft Visual Studio 10.0\VC\bin\Lib.exe /OUT:"F:\avplayer\Debug\libtorrent.lib" libeay32.lib ssleay32.lib /LIBPATH:..\..\third_party\openssl\libs /NOLOGO Debug\alert.obj
         Debug\allocator.obj
         Debug\assert.obj
         Debug\bandwidth_limit.obj
         Debug\bandwidth_manager.obj
         Debug\bandwidth_queue_entry.obj
         Debug\bloom_filter.obj
         Debug\broadcast_socket.obj
         Debug\bt_peer_connection.obj
         Debug\chained_buffer.obj
         Debug\connection_queue.obj
         Debug\ConvertUTF.obj
         Debug\create_torrent.obj
         Debug\disk_buffer_holder.obj
         Debug\disk_buffer_pool.obj
         Debug\disk_io_thread.obj
         Debug\entry.obj
         Debug\enum_net.obj
         Debug\error_code.obj
         Debug\escape_string.obj
         Debug\file.obj
         Debug\file_pool.obj
         Debug\file_storage.obj
         Debug\GeoIP.obj
         Debug\gzip.obj
         Debug\http_connection.obj
         Debug\http_parser.obj
         Debug\http_seed_connection.obj
         Debug\http_stream.obj
         Debug\http_tracker_connection.obj
         Debug\i2p_stream.obj
         Debug\identify_client.obj
         Debug\instantiate_connection.obj
         Debug\ip_filter.obj
         Debug\ip_voter.obj
         Debug\lazy_bdecode.obj
         Debug\logger.obj
         Debug\lsd.obj
         Debug\lt_trackers.obj
         Debug\magnet_uri.obj
         Debug\metadata_transfer.obj
         Debug\mpi.obj
         Debug\natpmp.obj
         Debug\packet_buffer.obj
         Debug\parse_url.obj
         Debug\pe_crypto.obj
         Debug\peer_connection.obj
         Debug\piece_picker.obj
         Debug\policy.obj
         Debug\puff.obj
         Debug\random.obj
         Debug\rsa.obj
         Debug\rss.obj
         Debug\session.obj
         Debug\session_impl.obj
         Debug\settings.obj
         Debug\sha1.obj
         Debug\smart_ban.obj
         Debug\socket_io.obj
         Debug\socket_type.obj
         Debug\socks5_stream.obj
         Debug\stat.obj
         Debug\storage.obj
         Debug\string_util.obj
         Debug\thread.obj
         Debug\time.obj
         Debug\timestamp_history.obj
         Debug\torrent.obj
         Debug\torrent_handle.obj
         Debug\torrent_info.obj
         Debug\tracker_manager.obj
         Debug\udp_socket.obj
         Debug\udp_tracker_connection.obj
         Debug\upnp.obj
         Debug\ut_metadata.obj
         Debug\ut_pex.obj
         Debug\utf8.obj
         Debug\utp_socket_manager.obj
         Debug\utp_stream.obj
         Debug\web_connection_base.obj
         Debug\web_peer_connection.obj
         Debug\dht_tracker.obj
         Debug\find_data.obj
         Debug\node.obj
         Debug\node_id.obj
         Debug\refresh.obj
         Debug\routing_table.obj
         Debug\rpc_manager.obj
         Debug\traversal_algorithm.obj
     1>ssleay32.lib(SSLEAY32.dll) : warning LNK4006: __NULL_IMPORT_DESCRIPTOR 已在 libeay32.lib(LIBEAY32.dll) 中定义；已忽略第二个定义
     1>ssleay32.lib(SSLEAY32.dll) : warning LNK4221: 此对象文件未定义任何之前未定义的公共符号，因此任何耗用此库的链接操作都不会使用此文件
         libtorrent.vcxproj -> F:\avplayer\Debug\libtorrent.lib
       FinalizeBuildStatus:
         正在删除文件“Debug\libtorrent.unsuccessfulbuild”。
         正在对“Debug\libtorrent.lastbuildstate”执行 Touch 任务。
     1>已完成生成项目“F:\avplayer\libtorrent\include\libtorrent.vcxproj”(rebuild 个目标)的操作。

生成成功。

已用时间 00:04:54.47
