F:\AVPLAYER\LIBTORRENT\INCLUDE\RELEASE\ALERT.OBJ
F:\AVPLAYER\LIBTORRENT\INCLUDE\RELEASE\ALLOCATOR.OBJ
F:\AVPLAYER\LIBTORRENT\INCLUDE\RELEASE\ASSERT.OBJ
F:\AVPLAYER\LIBTORRENT\INCLUDE\RELEASE\BANDWIDTH_LIMIT.OBJ
F:\AVPLAYER\LIBTORRENT\INCLUDE\RELEASE\BANDWIDTH_MANAGER.OBJ
F:\AVPLAYER\LIBTORRENT\INCLUDE\RELEASE\BANDWIDTH_QUEUE_ENTRY.OBJ
F:\AVPLAYER\LIBTORRENT\INCLUDE\RELEASE\BLOOM_FILTER.OBJ
F:\AVPLAYER\LIBTORRENT\INCLUDE\RELEASE\BROADCAST_SOCKET.OBJ
F:\AVPLAYER\LIBTORRENT\INCLUDE\RELEASE\BT_PEER_CONNECTION.OBJ
F:\AVPLAYER\LIBTORRENT\INCLUDE\RELEASE\CHAINED_BUFFER.OBJ
F:\avplayer\libtorrent\include\Release\cl.command.1.tlog
F:\avplayer\libtorrent\include\Release\CL.read.1.tlog
F:\avplayer\libtorrent\include\Release\CL.write.1.tlog
F:\AVPLAYER\LIBTORRENT\INCLUDE\RELEASE\CONNECTION_QUEUE.OBJ
F:\AVPLAYER\LIBTORRENT\INCLUDE\RELEASE\CONVERTUTF.OBJ
F:\AVPLAYER\LIBTORRENT\INCLUDE\RELEASE\CREATE_TORRENT.OBJ
F:\AVPLAYER\LIBTORRENT\INCLUDE\RELEASE\DHT_TRACKER.OBJ
F:\AVPLAYER\LIBTORRENT\INCLUDE\RELEASE\DISK_BUFFER_HOLDER.OBJ
F:\AVPLAYER\LIBTORRENT\INCLUDE\RELEASE\DISK_BUFFER_POOL.OBJ
F:\AVPLAYER\LIBTORRENT\INCLUDE\RELEASE\DISK_IO_THREAD.OBJ
F:\AVPLAYER\LIBTORRENT\INCLUDE\RELEASE\ENTRY.OBJ
F:\AVPLAYER\LIBTORRENT\INCLUDE\RELEASE\ENUM_NET.OBJ
F:\AVPLAYER\LIBTORRENT\INCLUDE\RELEASE\ERROR_CODE.OBJ
F:\AVPLAYER\LIBTORRENT\INCLUDE\RELEASE\ESCAPE_STRING.OBJ
F:\AVPLAYER\LIBTORRENT\INCLUDE\RELEASE\FILE.OBJ
F:\AVPLAYER\LIBTORRENT\INCLUDE\RELEASE\FILE_POOL.OBJ
F:\AVPLAYER\LIBTORRENT\INCLUDE\RELEASE\FILE_STORAGE.OBJ
F:\AVPLAYER\LIBTORRENT\INCLUDE\RELEASE\FIND_DATA.OBJ
F:\AVPLAYER\LIBTORRENT\INCLUDE\RELEASE\GEOIP.OBJ
F:\AVPLAYER\LIBTORRENT\INCLUDE\RELEASE\GZIP.OBJ
F:\AVPLAYER\LIBTORRENT\INCLUDE\RELEASE\HTTP_CONNECTION.OBJ
F:\AVPLAYER\LIBTORRENT\INCLUDE\RELEASE\HTTP_PARSER.OBJ
F:\AVPLAYER\LIBTORRENT\INCLUDE\RELEASE\HTTP_SEED_CONNECTION.OBJ
F:\AVPLAYER\LIBTORRENT\INCLUDE\RELEASE\HTTP_STREAM.OBJ
F:\AVPLAYER\LIBTORRENT\INCLUDE\RELEASE\HTTP_TRACKER_CONNECTION.OBJ
F:\AVPLAYER\LIBTORRENT\INCLUDE\RELEASE\I2P_STREAM.OBJ
F:\AVPLAYER\LIBTORRENT\INCLUDE\RELEASE\IDENTIFY_CLIENT.OBJ
F:\AVPLAYER\LIBTORRENT\INCLUDE\RELEASE\INSTANTIATE_CONNECTION.OBJ
F:\AVPLAYER\LIBTORRENT\INCLUDE\RELEASE\IP_FILTER.OBJ
F:\AVPLAYER\LIBTORRENT\INCLUDE\RELEASE\IP_VOTER.OBJ
F:\AVPLAYER\LIBTORRENT\INCLUDE\RELEASE\LAZY_BDECODE.OBJ
F:\avplayer\libtorrent\include\Release\lib.command.1.tlog
F:\avplayer\libtorrent\include\Release\Lib-link.read.1.tlog
F:\avplayer\libtorrent\include\Release\Lib-link.write.1.tlog
F:\AVPLAYER\LIBTORRENT\INCLUDE\RELEASE\LOGGER.OBJ
F:\AVPLAYER\LIBTORRENT\INCLUDE\RELEASE\LSD.OBJ
F:\AVPLAYER\LIBTORRENT\INCLUDE\RELEASE\LT_TRACKERS.OBJ
F:\AVPLAYER\LIBTORRENT\INCLUDE\RELEASE\MAGNET_URI.OBJ
F:\AVPLAYER\LIBTORRENT\INCLUDE\RELEASE\METADATA_TRANSFER.OBJ
F:\AVPLAYER\LIBTORRENT\INCLUDE\RELEASE\MPI.OBJ
F:\AVPLAYER\LIBTORRENT\INCLUDE\RELEASE\NATPMP.OBJ
F:\AVPLAYER\LIBTORRENT\INCLUDE\RELEASE\NODE.OBJ
F:\AVPLAYER\LIBTORRENT\INCLUDE\RELEASE\NODE_ID.OBJ
F:\AVPLAYER\LIBTORRENT\INCLUDE\RELEASE\PACKET_BUFFER.OBJ
F:\AVPLAYER\LIBTORRENT\INCLUDE\RELEASE\PARSE_URL.OBJ
F:\AVPLAYER\LIBTORRENT\INCLUDE\RELEASE\PE_CRYPTO.OBJ
F:\AVPLAYER\LIBTORRENT\INCLUDE\RELEASE\PEER_CONNECTION.OBJ
F:\AVPLAYER\LIBTORRENT\INCLUDE\RELEASE\PIECE_PICKER.OBJ
F:\AVPLAYER\LIBTORRENT\INCLUDE\RELEASE\POLICY.OBJ
F:\AVPLAYER\LIBTORRENT\INCLUDE\RELEASE\PUFF.OBJ
F:\AVPLAYER\LIBTORRENT\INCLUDE\RELEASE\RANDOM.OBJ
F:\AVPLAYER\LIBTORRENT\INCLUDE\RELEASE\REFRESH.OBJ
F:\AVPLAYER\LIBTORRENT\INCLUDE\RELEASE\ROUTING_TABLE.OBJ
F:\AVPLAYER\LIBTORRENT\INCLUDE\RELEASE\RPC_MANAGER.OBJ
F:\AVPLAYER\LIBTORRENT\INCLUDE\RELEASE\RSA.OBJ
F:\AVPLAYER\LIBTORRENT\INCLUDE\RELEASE\RSS.OBJ
F:\AVPLAYER\LIBTORRENT\INCLUDE\RELEASE\SESSION.OBJ
F:\AVPLAYER\LIBTORRENT\INCLUDE\RELEASE\SESSION_IMPL.OBJ
F:\AVPLAYER\LIBTORRENT\INCLUDE\RELEASE\SETTINGS.OBJ
F:\AVPLAYER\LIBTORRENT\INCLUDE\RELEASE\SHA1.OBJ
F:\AVPLAYER\LIBTORRENT\INCLUDE\RELEASE\SMART_BAN.OBJ
F:\AVPLAYER\LIBTORRENT\INCLUDE\RELEASE\SOCKET_IO.OBJ
F:\AVPLAYER\LIBTORRENT\INCLUDE\RELEASE\SOCKET_TYPE.OBJ
F:\AVPLAYER\LIBTORRENT\INCLUDE\RELEASE\SOCKS5_STREAM.OBJ
F:\AVPLAYER\LIBTORRENT\INCLUDE\RELEASE\STAT.OBJ
F:\AVPLAYER\LIBTORRENT\INCLUDE\RELEASE\STORAGE.OBJ
F:\AVPLAYER\LIBTORRENT\INCLUDE\RELEASE\STRING_UTIL.OBJ
F:\AVPLAYER\LIBTORRENT\INCLUDE\RELEASE\THREAD.OBJ
F:\AVPLAYER\LIBTORRENT\INCLUDE\RELEASE\TIME.OBJ
F:\AVPLAYER\LIBTORRENT\INCLUDE\RELEASE\TIMESTAMP_HISTORY.OBJ
F:\AVPLAYER\LIBTORRENT\INCLUDE\RELEASE\TORRENT.OBJ
F:\AVPLAYER\LIBTORRENT\INCLUDE\RELEASE\TORRENT_HANDLE.OBJ
F:\AVPLAYER\LIBTORRENT\INCLUDE\RELEASE\TORRENT_INFO.OBJ
F:\AVPLAYER\LIBTORRENT\INCLUDE\RELEASE\TRACKER_MANAGER.OBJ
F:\AVPLAYER\LIBTORRENT\INCLUDE\RELEASE\TRAVERSAL_ALGORITHM.OBJ
F:\AVPLAYER\LIBTORRENT\INCLUDE\RELEASE\UDP_SOCKET.OBJ
F:\AVPLAYER\LIBTORRENT\INCLUDE\RELEASE\UDP_TRACKER_CONNECTION.OBJ
F:\AVPLAYER\LIBTORRENT\INCLUDE\RELEASE\UPNP.OBJ
F:\AVPLAYER\LIBTORRENT\INCLUDE\RELEASE\UT_METADATA.OBJ
F:\AVPLAYER\LIBTORRENT\INCLUDE\RELEASE\UT_PEX.OBJ
F:\AVPLAYER\LIBTORRENT\INCLUDE\RELEASE\UTF8.OBJ
F:\AVPLAYER\LIBTORRENT\INCLUDE\RELEASE\UTP_SOCKET_MANAGER.OBJ
F:\AVPLAYER\LIBTORRENT\INCLUDE\RELEASE\UTP_STREAM.OBJ
F:\AVPLAYER\LIBTORRENT\INCLUDE\RELEASE\VC100.PDB
F:\AVPLAYER\LIBTORRENT\INCLUDE\RELEASE\WEB_CONNECTION_BASE.OBJ
F:\AVPLAYER\LIBTORRENT\INCLUDE\RELEASE\WEB_PEER_CONNECTION.OBJ
F:\AVPLAYER\RELEASE\LIBTORRENT.LIB
